<?xml version="1.0" encoding="UTF-8"?>
<!-- Generated by org.testng.reporters.JUnitReportReporter -->
<testsuite hostname="LAPTOP-29S73MT5" failures="0" tests="3" name="javaPractice.GenericProblems" time="0.009" errors="0" timestamp="2021-02-08T03:50:35 IST" skipped="0">
  <testcase classname="javaPractice.GenericProblems" name="onlyDigits" time="0.007"/>
  <system-out/>
  <testcase classname="javaPractice.GenericProblems" name="subString" time="0.001"/>
  <system-out/>
  <testcase classname="javaPractice.GenericProblems" name="swap" time="0.001"/>
  <system-out/>
</testsuite> <!-- javaPractice.GenericProblems -->
