<?xml version="1.0" encoding="UTF-8"?>
<!-- Generated by org.testng.reporters.JUnitReportReporter -->
<testsuite hostname="LAPTOP-29S73MT5" failures="0" tests="3" name="javaPractice.StringReverse" time="0.012" errors="0" timestamp="2021-02-08T02:16:45 IST" skipped="0">
  <testcase classname="javaPractice.StringReverse" name="reverse1" time="0.009"/>
  <system-out/>
  <testcase classname="javaPractice.StringReverse" name="reverse2" time="0.001"/>
  <system-out/>
  <testcase classname="javaPractice.StringReverse" name="reverse3" time="0.002"/>
  <system-out/>
</testsuite> <!-- javaPractice.StringReverse -->
