<?xml version="1.0" encoding="UTF-8"?>
<!-- Generated by org.testng.reporters.JUnitReportReporter -->
<testsuite hostname="LAPTOP-29S73MT5" failures="0" tests="22" name="collections.Program1" time="0.011" errors="0" timestamp="2021-02-13T04:47:57 IST" skipped="21">
  <testcase classname="collections.Program1" name="print" time="0.011"/>
  <system-out/>
  <testcase classname="collections.Program1" name="copyArrayList">
    <skipped/>
  </testcase> <!-- copyArrayList -->
  <system-out/>
  <testcase classname="collections.Program1" name="retrieveElement">
    <skipped/>
  </testcase> <!-- retrieveElement -->
  <system-out/>
  <testcase classname="collections.Program1" name="addToList">
    <skipped/>
  </testcase> <!-- addToList -->
  <system-out/>
  <testcase classname="collections.Program1" name="removeElement">
    <skipped/>
  </testcase> <!-- removeElement -->
  <system-out/>
  <testcase classname="collections.Program1" name="limit">
    <skipped/>
  </testcase> <!-- limit -->
  <system-out/>
  <testcase classname="collections.Program1" name="join">
    <skipped/>
  </testcase> <!-- join -->
  <system-out/>
  <testcase classname="collections.Program1" name="iterateList">
    <skipped/>
  </testcase> <!-- iterateList -->
  <system-out/>
  <testcase classname="collections.Program1" name="shuffleArrayList">
    <skipped/>
  </testcase> <!-- shuffleArrayList -->
  <system-out/>
  <testcase classname="collections.Program1" name="sortArrayList">
    <skipped/>
  </testcase> <!-- sortArrayList -->
  <system-out/>
  <testcase classname="collections.Program1" name="swap">
    <skipped/>
  </testcase> <!-- swap -->
  <system-out/>
  <testcase classname="collections.Program1" name="insertElement">
    <skipped/>
  </testcase> <!-- insertElement -->
  <system-out/>
  <testcase classname="collections.Program1" name="substring">
    <skipped/>
  </testcase> <!-- substring -->
  <system-out/>
  <testcase classname="collections.Program1" name="reverse">
    <skipped/>
  </testcase> <!-- reverse -->
  <system-out/>
  <testcase classname="collections.Program1" name="increase">
    <skipped/>
  </testcase> <!-- increase -->
  <system-out/>
  <testcase classname="collections.Program1" name="searchElement">
    <skipped/>
  </testcase> <!-- searchElement -->
  <system-out/>
  <testcase classname="collections.Program1" name="replace">
    <skipped/>
  </testcase> <!-- replace -->
  <system-out/>
  <testcase classname="collections.Program1" name="compareList">
    <skipped/>
  </testcase> <!-- compareList -->
  <system-out/>
  <testcase classname="collections.Program1" name="updateElement">
    <skipped/>
  </testcase> <!-- updateElement -->
  <system-out/>
  <testcase classname="collections.Program1" name="empty">
    <skipped/>
  </testcase> <!-- empty -->
  <system-out/>
  <testcase classname="collections.Program1" name="isEmpty">
    <skipped/>
  </testcase> <!-- isEmpty -->
  <system-out/>
  <testcase classname="collections.Program1" name="cloneList">
    <skipped/>
  </testcase> <!-- cloneList -->
  <system-out/>
</testsuite> <!-- collections.Program1 -->
