<?xml version="1.0" encoding="UTF-8"?>
<!-- Generated by org.testng.reporters.JUnitReportReporter -->
<testsuite hostname="LAPTOP-29S73MT5" failures="0" tests="10" name="collections.HashSetPrograms" time="0.006" errors="0" timestamp="2021-02-14T14:29:18 IST" skipped="9">
  <testcase classname="collections.HashSetPrograms" name="removeElements" time="0.006"/>
  <system-out/>
  <testcase classname="collections.HashSetPrograms" name="isEmpty">
    <skipped/>
  </testcase> <!-- isEmpty -->
  <system-out/>
  <testcase classname="collections.HashSetPrograms" name="compareSet">
    <skipped/>
  </testcase> <!-- compareSet -->
  <system-out/>
  <testcase classname="collections.HashSetPrograms" name="convert">
    <skipped/>
  </testcase> <!-- convert -->
  <system-out/>
  <testcase classname="collections.HashSetPrograms" name="append">
    <skipped/>
  </testcase> <!-- append -->
  <system-out/>
  <testcase classname="collections.HashSetPrograms" name="iterate">
    <skipped/>
  </testcase> <!-- iterate -->
  <system-out/>
  <testcase classname="collections.HashSetPrograms" name="size">
    <skipped/>
  </testcase> <!-- size -->
  <system-out/>
  <testcase classname="collections.HashSetPrograms" name="covertToList">
    <skipped/>
  </testcase> <!-- covertToList -->
  <system-out/>
  <testcase classname="collections.HashSetPrograms" name="empty">
    <skipped/>
  </testcase> <!-- empty -->
  <system-out/>
  <testcase classname="collections.HashSetPrograms" name="cloneSet">
    <skipped/>
  </testcase> <!-- cloneSet -->
  <system-out/>
</testsuite> <!-- collections.HashSetPrograms -->
