<?xml version="1.0" encoding="UTF-8"?>
<!-- Generated by org.testng.reporters.JUnitReportReporter -->
<testsuite hostname="LAPTOP-29S73MT5" failures="0" tests="12" name="collections.HashMapPrograms" time="0.009" errors="0" timestamp="2021-02-14T20:28:15 IST" skipped="11">
  <testcase classname="collections.HashMapPrograms" name="collectionsView" time="0.009"/>
  <system-out/>
  <testcase classname="collections.HashMapPrograms" name="copy">
    <skipped/>
  </testcase> <!-- copy -->
  <system-out/>
  <testcase classname="collections.HashMapPrograms" name="valueSpecificKey">
    <skipped/>
  </testcase> <!-- valueSpecificKey -->
  <system-out/>
  <testcase classname="collections.HashMapPrograms" name="HashMapSetVal">
    <skipped/>
  </testcase> <!-- HashMapSetVal -->
  <system-out/>
  <testcase classname="collections.HashMapPrograms" name="remove">
    <skipped/>
  </testcase> <!-- remove -->
  <system-out/>
  <testcase classname="collections.HashMapPrograms" name="countMappings">
    <skipped/>
  </testcase> <!-- countMappings -->
  <system-out/>
  <testcase classname="collections.HashMapPrograms" name="value">
    <skipped/>
  </testcase> <!-- value -->
  <system-out/>
  <testcase classname="collections.HashMapPrograms" name="setView">
    <skipped/>
  </testcase> <!-- setView -->
  <system-out/>
  <testcase classname="collections.HashMapPrograms" name="sub">
    <skipped/>
  </testcase> <!-- sub -->
  <system-out/>
  <testcase classname="collections.HashMapPrograms" name="getKey">
    <skipped/>
  </testcase> <!-- getKey -->
  <system-out/>
  <testcase classname="collections.HashMapPrograms" name="copyMap">
    <skipped/>
  </testcase> <!-- copyMap -->
  <system-out/>
  <testcase classname="collections.HashMapPrograms" name="isEmpty">
    <skipped/>
  </testcase> <!-- isEmpty -->
  <system-out/>
</testsuite> <!-- collections.HashMapPrograms -->
