<?xml version="1.0" encoding="UTF-8"?>
<!-- Generated by org.testng.reporters.JUnitReportReporter -->
<testsuite hostname="LAPTOP-29S73MT5" failures="0" tests="9" name="javaPractice.GeneralPrograms" time="0.020" errors="0" timestamp="2021-02-18T17:17:08 IST" skipped="8">
  <testcase classname="javaPractice.GeneralPrograms" name="anagram" time="0.020"/>
  <system-out/>
  <testcase classname="javaPractice.GeneralPrograms" name="fibonacci">
    <skipped/>
  </testcase> <!-- fibonacci -->
  <system-out/>
  <testcase classname="javaPractice.GeneralPrograms" name="reverse1">
    <skipped/>
  </testcase> <!-- reverse1 -->
  <system-out/>
  <testcase classname="javaPractice.GeneralPrograms" name="fact">
    <skipped/>
  </testcase> <!-- fact -->
  <system-out/>
  <testcase classname="javaPractice.GeneralPrograms" name="reverse3">
    <skipped/>
  </testcase> <!-- reverse3 -->
  <system-out/>
  <testcase classname="javaPractice.GeneralPrograms" name="intReverse">
    <skipped/>
  </testcase> <!-- intReverse -->
  <system-out/>
  <testcase classname="javaPractice.GeneralPrograms" name="reverse2">
    <skipped/>
  </testcase> <!-- reverse2 -->
  <system-out/>
  <testcase classname="javaPractice.GeneralPrograms" name="sqRoot">
    <skipped/>
  </testcase> <!-- sqRoot -->
  <system-out/>
  <testcase classname="javaPractice.GeneralPrograms" name="dup1">
    <skipped/>
  </testcase> <!-- dup1 -->
  <system-out/>
</testsuite> <!-- javaPractice.GeneralPrograms -->
