<?xml version="1.0" encoding="UTF-8"?>
<!-- Generated by org.testng.reporters.JUnitReportReporter -->
<testsuite hostname="LAPTOP-29S73MT5" failures="0" tests="5" name="javaPractice.DisctinctCharacters" time="0.013" errors="0" timestamp="2021-02-08T03:36:04 IST" skipped="0">
  <testcase classname="javaPractice.DisctinctCharacters" name="duplicate" time="0.008"/>
  <system-out/>
  <testcase classname="javaPractice.DisctinctCharacters" name="distinct" time="0.002"/>
  <system-out/>
  <testcase classname="javaPractice.DisctinctCharacters" name="occurence" time="0.001"/>
  <system-out/>
  <testcase classname="javaPractice.DisctinctCharacters" name="numberOfWords" time="0.001"/>
  <system-out/>
  <testcase classname="javaPractice.DisctinctCharacters" name="sameCharacters" time="0.001"/>
  <system-out/>
</testsuite> <!-- javaPractice.DisctinctCharacters -->
