<?xml version="1.0" encoding="UTF-8"?>
<!-- Generated by org.testng.reporters.JUnitReportReporter -->
<testsuite hostname="LAPTOP-29S73MT5" failures="0" tests="22" name="collections.ArrayListPrograms" time="0.011" errors="0" timestamp="2021-02-14T13:42:32 IST" skipped="21">
  <testcase classname="collections.ArrayListPrograms" name="print" time="0.011"/>
  <system-out/>
  <testcase classname="collections.ArrayListPrograms" name="reverse">
    <skipped/>
  </testcase> <!-- reverse -->
  <system-out/>
  <testcase classname="collections.ArrayListPrograms" name="increase">
    <skipped/>
  </testcase> <!-- increase -->
  <system-out/>
  <testcase classname="collections.ArrayListPrograms" name="retrieveElement">
    <skipped/>
  </testcase> <!-- retrieveElement -->
  <system-out/>
  <testcase classname="collections.ArrayListPrograms" name="join">
    <skipped/>
  </testcase> <!-- join -->
  <system-out/>
  <testcase classname="collections.ArrayListPrograms" name="limit">
    <skipped/>
  </testcase> <!-- limit -->
  <system-out/>
  <testcase classname="collections.ArrayListPrograms" name="sortArrayList">
    <skipped/>
  </testcase> <!-- sortArrayList -->
  <system-out/>
  <testcase classname="collections.ArrayListPrograms" name="addToList">
    <skipped/>
  </testcase> <!-- addToList -->
  <system-out/>
  <testcase classname="collections.ArrayListPrograms" name="removeElement">
    <skipped/>
  </testcase> <!-- removeElement -->
  <system-out/>
  <testcase classname="collections.ArrayListPrograms" name="shuffleArrayList">
    <skipped/>
  </testcase> <!-- shuffleArrayList -->
  <system-out/>
  <testcase classname="collections.ArrayListPrograms" name="iterateList">
    <skipped/>
  </testcase> <!-- iterateList -->
  <system-out/>
  <testcase classname="collections.ArrayListPrograms" name="insertElement">
    <skipped/>
  </testcase> <!-- insertElement -->
  <system-out/>
  <testcase classname="collections.ArrayListPrograms" name="swap">
    <skipped/>
  </testcase> <!-- swap -->
  <system-out/>
  <testcase classname="collections.ArrayListPrograms" name="replace">
    <skipped/>
  </testcase> <!-- replace -->
  <system-out/>
  <testcase classname="collections.ArrayListPrograms" name="copyArrayList">
    <skipped/>
  </testcase> <!-- copyArrayList -->
  <system-out/>
  <testcase classname="collections.ArrayListPrograms" name="updateElement">
    <skipped/>
  </testcase> <!-- updateElement -->
  <system-out/>
  <testcase classname="collections.ArrayListPrograms" name="compareList">
    <skipped/>
  </testcase> <!-- compareList -->
  <system-out/>
  <testcase classname="collections.ArrayListPrograms" name="isEmpty">
    <skipped/>
  </testcase> <!-- isEmpty -->
  <system-out/>
  <testcase classname="collections.ArrayListPrograms" name="cloneList">
    <skipped/>
  </testcase> <!-- cloneList -->
  <system-out/>
  <testcase classname="collections.ArrayListPrograms" name="substring">
    <skipped/>
  </testcase> <!-- substring -->
  <system-out/>
  <testcase classname="collections.ArrayListPrograms" name="empty">
    <skipped/>
  </testcase> <!-- empty -->
  <system-out/>
  <testcase classname="collections.ArrayListPrograms" name="searchElement">
    <skipped/>
  </testcase> <!-- searchElement -->
  <system-out/>
</testsuite> <!-- collections.ArrayListPrograms -->
