<?xml version="1.0" encoding="UTF-8"?>
<!-- Generated by org.testng.reporters.JUnitReportReporter -->
<testsuite hostname="LAPTOP-29S73MT5" failures="0" tests="12" name="collections.Program1" time="0.006" errors="0" timestamp="2021-02-12T20:59:15 IST" skipped="11">
  <testcase classname="collections.Program1" name="substring" time="0.006"/>
  <system-out/>
  <testcase classname="collections.Program1" name="copyArrayList">
    <skipped/>
  </testcase> <!-- copyArrayList -->
  <system-out/>
  <testcase classname="collections.Program1" name="retrieveElement">
    <skipped/>
  </testcase> <!-- retrieveElement -->
  <system-out/>
  <testcase classname="collections.Program1" name="iterateList">
    <skipped/>
  </testcase> <!-- iterateList -->
  <system-out/>
  <testcase classname="collections.Program1" name="shuffleArrayList">
    <skipped/>
  </testcase> <!-- shuffleArrayList -->
  <system-out/>
  <testcase classname="collections.Program1" name="sortArrayList">
    <skipped/>
  </testcase> <!-- sortArrayList -->
  <system-out/>
  <testcase classname="collections.Program1" name="insertElement">
    <skipped/>
  </testcase> <!-- insertElement -->
  <system-out/>
  <testcase classname="collections.Program1" name="addToList">
    <skipped/>
  </testcase> <!-- addToList -->
  <system-out/>
  <testcase classname="collections.Program1" name="reverse">
    <skipped/>
  </testcase> <!-- reverse -->
  <system-out/>
  <testcase classname="collections.Program1" name="removeElement">
    <skipped/>
  </testcase> <!-- removeElement -->
  <system-out/>
  <testcase classname="collections.Program1" name="searchElement">
    <skipped/>
  </testcase> <!-- searchElement -->
  <system-out/>
  <testcase classname="collections.Program1" name="updateElement">
    <skipped/>
  </testcase> <!-- updateElement -->
  <system-out/>
</testsuite> <!-- collections.Program1 -->
