<?xml version="1.0" encoding="UTF-8"?>
<!-- Generated by org.testng.reporters.JUnitReportReporter -->
<testsuite hostname="LAPTOP-29S73MT5" failures="0" tests="1" name="componentPractice.dropdownPractice" time="18.553" errors="0" timestamp="2021-02-24T00:31:15 IST" skipped="0">
  <testcase classname="componentPractice.dropdownPractice" name="dropDown" time="18.553"/>
  <system-out/>
</testsuite> <!-- componentPractice.dropdownPractice -->
